2026-07-02T02:48:01.544Z - TypeError: next is not a function
    at model.<anonymous> (E:\Personal Project\NexliGadget Full Stack\Server\src\models\User.js:63:12)
    at Kareem.execPre (E:\Personal Project\NexliGadget Full Stack\Server\node_modules\kareem\index.js:59:39)
    at model._execDocumentPreHooks (E:\Personal Project\NexliGadget Full Stack\Server\node_modules\mongoose\lib\document.js:3210:29)
    at model.$__save (E:\Personal Project\NexliGadget Full Stack\Server\node_modules\mongoose\lib\model.js:403:16)
    at process.processTicksAndRejections (node:internal/process/task_queues:105:5)
    at async maybeTracedSave (E:\Personal Project\NexliGadget Full Stack\Server\node_modules\mongoose\lib\model.js:675:7)
    at async model.create (E:\Personal Project\NexliGadget Full Stack\Server\node_modules\mongoose\lib\model.js:2763:5)
    at async googleLogin (E:\Personal Project\NexliGadget Full Stack\Server\src\controllers\authController.js:116:16)
2026-07-02T02:49:56.478Z - TypeError: next is not a function
    at model.<anonymous> (E:\Personal Project\NexliGadget Full Stack\Server\src\models\User.js:63:12)
    at Kareem.execPre (E:\Personal Project\NexliGadget Full Stack\Server\node_modules\kareem\index.js:59:39)
    at model._execDocumentPreHooks (E:\Personal Project\NexliGadget Full Stack\Server\node_modules\mongoose\lib\document.js:3210:29)
    at model.$__save (E:\Personal Project\NexliGadget Full Stack\Server\node_modules\mongoose\lib\model.js:403:16)
    at process.processTicksAndRejections (node:internal/process/task_queues:105:5)
    at async maybeTracedSave (E:\Personal Project\NexliGadget Full Stack\Server\node_modules\mongoose\lib\model.js:675:7)
    at async model.create (E:\Personal Project\NexliGadget Full Stack\Server\node_modules\mongoose\lib\model.js:2763:5)
    at async googleLogin (E:\Personal Project\NexliGadget Full Stack\Server\src\controllers\authController.js:116:16)
2026-07-02T02:50:48.164Z - TypeError: next is not a function
    at model.<anonymous> (E:\Personal Project\NexliGadget Full Stack\Server\src\models\User.js:63:12)
    at Kareem.execPre (E:\Personal Project\NexliGadget Full Stack\Server\node_modules\kareem\index.js:59:39)
    at model._execDocumentPreHooks (E:\Personal Project\NexliGadget Full Stack\Server\node_modules\mongoose\lib\document.js:3210:29)
    at model.$__save (E:\Personal Project\NexliGadget Full Stack\Server\node_modules\mongoose\lib\model.js:403:16)
    at process.processTicksAndRejections (node:internal/process/task_queues:105:5)
    at async maybeTracedSave (E:\Personal Project\NexliGadget Full Stack\Server\node_modules\mongoose\lib\model.js:675:7)
    at async model.create (E:\Personal Project\NexliGadget Full Stack\Server\node_modules\mongoose\lib\model.js:2763:5)
    at async googleLogin (E:\Personal Project\NexliGadget Full Stack\Server\src\controllers\authController.js:116:16)
2026-07-03T16:18:26.449Z - Error: Invalid email or password
    at loginUser (E:\Personal Project\NexliGadget Full Stack\Server\src\controllers\authController.js:73:13)
2026-07-03T16:18:32.173Z - Error: Invalid email or password
    at loginUser (E:\Personal Project\NexliGadget Full Stack\Server\src\controllers\authController.js:73:13)
2026-07-03T16:18:35.225Z - Error: Invalid email or password
    at loginUser (E:\Personal Project\NexliGadget Full Stack\Server\src\controllers\authController.js:73:13)
2026-07-03T16:18:41.486Z - Error: Invalid email or password
    at loginUser (E:\Personal Project\NexliGadget Full Stack\Server\src\controllers\authController.js:73:13)
2026-07-03T16:18:44.064Z - Error: Invalid email or password
    at loginUser (E:\Personal Project\NexliGadget Full Stack\Server\src\controllers\authController.js:73:13)
2026-07-03T16:40:05.646Z - ValidationError: Product validation failed: images.0: Cast to [string] failed for value "[ {} ]" (type string) at path "images.0" because of "CastError", shortDescription: Path `shortDescription` is required.
    at Document.invalidate (E:\Personal Project\NexliGadget Full Stack\Server\node_modules\mongoose\lib\document.js:3455:32)
    at model.$set (E:\Personal Project\NexliGadget Full Stack\Server\node_modules\mongoose\lib\document.js:1524:12)
    at model.$set (E:\Personal Project\NexliGadget Full Stack\Server\node_modules\mongoose\lib\document.js:1173:16)
    at model.Document (E:\Personal Project\NexliGadget Full Stack\Server\node_modules\mongoose\lib\document.js:181:12)
    at model.Model (E:\Personal Project\NexliGadget Full Stack\Server\node_modules\mongoose\lib\model.js:143:12)
    at new model (E:\Personal Project\NexliGadget Full Stack\Server\node_modules\mongoose\lib\model.js:4969:15)
    at createProduct (E:\Personal Project\NexliGadget Full Stack\Server\src\controllers\productController.js:129:21)
    at process.processTicksAndRejections (node:internal/process/task_queues:105:5)
2026-07-03T16:56:32.632Z - Error: Product not found
    at getProductBySlug (E:\Personal Project\NexliGadget Full Stack\Server\src\controllers\productController.js:108:13)
    at process.processTicksAndRejections (node:internal/process/task_queues:105:5)
2026-07-03T16:56:32.679Z - Error: Product not found
    at getProductBySlug (E:\Personal Project\NexliGadget Full Stack\Server\src\controllers\productController.js:108:13)
    at process.processTicksAndRejections (node:internal/process/task_queues:105:5)
2026-07-03T16:56:38.738Z - CastError: Cast to ObjectId failed for value "Smartphones" (type string) at path "category" for model "Product"
    at SchemaObjectId.cast (E:\Personal Project\NexliGadget Full Stack\Server\node_modules\mongoose\lib\schema\objectId.js:252:11)
    at SchemaType.applySetters (E:\Personal Project\NexliGadget Full Stack\Server\node_modules\mongoose\lib\schemaType.js:1373:12)
    at SchemaType.castForQuery (E:\Personal Project\NexliGadget Full Stack\Server\node_modules\mongoose\lib\schemaType.js:1793:17)
    at cast (E:\Personal Project\NexliGadget Full Stack\Server\node_modules\mongoose\lib\cast.js:386:32)
    at Query.cast (E:\Personal Project\NexliGadget Full Stack\Server\node_modules\mongoose\lib\query.js:5228:12)
    at Query._castConditions (E:\Personal Project\NexliGadget Full Stack\Server\node_modules\mongoose\lib\query.js:2411:10)
    at model.Query._find (E:\Personal Project\NexliGadget Full Stack\Server\node_modules\mongoose\lib\query.js:2438:8)
    at maybeTracedQueryExec (E:\Personal Project\NexliGadget Full Stack\Server\node_modules\mongoose\lib\query.js:4801:83)
    at process.processTicksAndRejections (node:internal/process/task_queues:105:5)
    at async getProducts (E:\Personal Project\NexliGadget Full Stack\Server\src\controllers\productController.js:70:22)
2026-07-03T16:56:39.716Z - CastError: Cast to ObjectId failed for value "Laptops" (type string) at path "category" for model "Product"
    at SchemaObjectId.cast (E:\Personal Project\NexliGadget Full Stack\Server\node_modules\mongoose\lib\schema\objectId.js:252:11)
    at SchemaType.applySetters (E:\Personal Project\NexliGadget Full Stack\Server\node_modules\mongoose\lib\schemaType.js:1373:12)
    at SchemaType.castForQuery (E:\Personal Project\NexliGadget Full Stack\Server\node_modules\mongoose\lib\schemaType.js:1793:17)
    at cast (E:\Personal Project\NexliGadget Full Stack\Server\node_modules\mongoose\lib\cast.js:386:32)
    at Query.cast (E:\Personal Project\NexliGadget Full Stack\Server\node_modules\mongoose\lib\query.js:5228:12)
    at Query._castConditions (E:\Personal Project\NexliGadget Full Stack\Server\node_modules\mongoose\lib\query.js:2411:10)
    at model.Query._find (E:\Personal Project\NexliGadget Full Stack\Server\node_modules\mongoose\lib\query.js:2438:8)
    at maybeTracedQueryExec (E:\Personal Project\NexliGadget Full Stack\Server\node_modules\mongoose\lib\query.js:4801:83)
    at process.processTicksAndRejections (node:internal/process/task_queues:105:5)
    at async getProducts (E:\Personal Project\NexliGadget Full Stack\Server\src\controllers\productController.js:70:22)
2026-07-03T16:56:40.688Z - CastError: Cast to ObjectId failed for value "Audio" (type string) at path "category" for model "Product"
    at SchemaObjectId.cast (E:\Personal Project\NexliGadget Full Stack\Server\node_modules\mongoose\lib\schema\objectId.js:252:11)
    at SchemaType.applySetters (E:\Personal Project\NexliGadget Full Stack\Server\node_modules\mongoose\lib\schemaType.js:1373:12)
    at SchemaType.castForQuery (E:\Personal Project\NexliGadget Full Stack\Server\node_modules\mongoose\lib\schemaType.js:1793:17)
    at cast (E:\Personal Project\NexliGadget Full Stack\Server\node_modules\mongoose\lib\cast.js:386:32)
    at Query.cast (E:\Personal Project\NexliGadget Full Stack\Server\node_modules\mongoose\lib\query.js:5228:12)
    at Query._castConditions (E:\Personal Project\NexliGadget Full Stack\Server\node_modules\mongoose\lib\query.js:2411:10)
    at model.Query._find (E:\Personal Project\NexliGadget Full Stack\Server\node_modules\mongoose\lib\query.js:2438:8)
    at maybeTracedQueryExec (E:\Personal Project\NexliGadget Full Stack\Server\node_modules\mongoose\lib\query.js:4801:83)
    at process.processTicksAndRejections (node:internal/process/task_queues:105:5)
    at async getProducts (E:\Personal Project\NexliGadget Full Stack\Server\src\controllers\productController.js:70:22)
2026-07-03T16:56:41.576Z - CastError: Cast to ObjectId failed for value "Laptops" (type string) at path "category" for model "Product"
    at SchemaObjectId.cast (E:\Personal Project\NexliGadget Full Stack\Server\node_modules\mongoose\lib\schema\objectId.js:252:11)
    at SchemaType.applySetters (E:\Personal Project\NexliGadget Full Stack\Server\node_modules\mongoose\lib\schemaType.js:1373:12)
    at SchemaType.castForQuery (E:\Personal Project\NexliGadget Full Stack\Server\node_modules\mongoose\lib\schemaType.js:1793:17)
    at cast (E:\Personal Project\NexliGadget Full Stack\Server\node_modules\mongoose\lib\cast.js:386:32)
    at Query.cast (E:\Personal Project\NexliGadget Full Stack\Server\node_modules\mongoose\lib\query.js:5228:12)
    at Query._castConditions (E:\Personal Project\NexliGadget Full Stack\Server\node_modules\mongoose\lib\query.js:2411:10)
    at model.Query._find (E:\Personal Project\NexliGadget Full Stack\Server\node_modules\mongoose\lib\query.js:2438:8)
    at maybeTracedQueryExec (E:\Personal Project\NexliGadget Full Stack\Server\node_modules\mongoose\lib\query.js:4801:83)
    at process.processTicksAndRejections (node:internal/process/task_queues:105:5)
    at async getProducts (E:\Personal Project\NexliGadget Full Stack\Server\src\controllers\productController.js:70:22)
2026-07-03T16:56:42.679Z - CastError: Cast to ObjectId failed for value "Wearables" (type string) at path "category" for model "Product"
    at SchemaObjectId.cast (E:\Personal Project\NexliGadget Full Stack\Server\node_modules\mongoose\lib\schema\objectId.js:252:11)
    at SchemaType.applySetters (E:\Personal Project\NexliGadget Full Stack\Server\node_modules\mongoose\lib\schemaType.js:1373:12)
    at SchemaType.castForQuery (E:\Personal Project\NexliGadget Full Stack\Server\node_modules\mongoose\lib\schemaType.js:1793:17)
    at cast (E:\Personal Project\NexliGadget Full Stack\Server\node_modules\mongoose\lib\cast.js:386:32)
    at Query.cast (E:\Personal Project\NexliGadget Full Stack\Server\node_modules\mongoose\lib\query.js:5228:12)
    at Query._castConditions (E:\Personal Project\NexliGadget Full Stack\Server\node_modules\mongoose\lib\query.js:2411:10)
    at model.Query._find (E:\Personal Project\NexliGadget Full Stack\Server\node_modules\mongoose\lib\query.js:2438:8)
    at maybeTracedQueryExec (E:\Personal Project\NexliGadget Full Stack\Server\node_modules\mongoose\lib\query.js:4801:83)
    at process.processTicksAndRejections (node:internal/process/task_queues:105:5)
    at async getProducts (E:\Personal Project\NexliGadget Full Stack\Server\src\controllers\productController.js:70:22)
2026-07-03T16:56:43.280Z - CastError: Cast to ObjectId failed for value "Accessories" (type string) at path "category" for model "Product"
    at SchemaObjectId.cast (E:\Personal Project\NexliGadget Full Stack\Server\node_modules\mongoose\lib\schema\objectId.js:252:11)
    at SchemaType.applySetters (E:\Personal Project\NexliGadget Full Stack\Server\node_modules\mongoose\lib\schemaType.js:1373:12)
    at SchemaType.castForQuery (E:\Personal Project\NexliGadget Full Stack\Server\node_modules\mongoose\lib\schemaType.js:1793:17)
    at cast (E:\Personal Project\NexliGadget Full Stack\Server\node_modules\mongoose\lib\cast.js:386:32)
    at Query.cast (E:\Personal Project\NexliGadget Full Stack\Server\node_modules\mongoose\lib\query.js:5228:12)
    at Query._castConditions (E:\Personal Project\NexliGadget Full Stack\Server\node_modules\mongoose\lib\query.js:2411:10)
    at model.Query._find (E:\Personal Project\NexliGadget Full Stack\Server\node_modules\mongoose\lib\query.js:2438:8)
    at maybeTracedQueryExec (E:\Personal Project\NexliGadget Full Stack\Server\node_modules\mongoose\lib\query.js:4801:83)
    at process.processTicksAndRejections (node:internal/process/task_queues:105:5)
    at async getProducts (E:\Personal Project\NexliGadget Full Stack\Server\src\controllers\productController.js:70:22)
2026-07-03T17:21:05.167Z - Error: Product already in wishlist
    at addToWishlist (E:\Personal Project\NexliGadget Full Stack\Server\src\controllers\wishlistController.js:40:13)
    at process.processTicksAndRejections (node:internal/process/task_queues:105:5)
2026-07-03T22:40:50.007Z - Error: Product not found
    at getProductBySlug (E:\Personal Project\NexliGadget Full Stack\Server\src\controllers\productController.js:112:13)
    at process.processTicksAndRejections (node:internal/process/task_queues:105:5)
2026-07-03T22:42:12.779Z - Error: Product not found
    at getProductBySlug (E:\Personal Project\NexliGadget Full Stack\Server\src\controllers\productController.js:112:13)
    at process.processTicksAndRejections (node:internal/process/task_queues:105:5)
2026-07-03T22:45:06.828Z - Error: Not Found - /api/admin/products
    at notFoundHandler (E:\Personal Project\NexliGadget Full Stack\Server\src\middleware\errorMiddleware.js:16:17)
    at Layer.handleRequest (E:\Personal Project\NexliGadget Full Stack\Server\node_modules\router\lib\layer.js:152:17)
    at trimPrefix (E:\Personal Project\NexliGadget Full Stack\Server\node_modules\router\index.js:342:13)
    at E:\Personal Project\NexliGadget Full Stack\Server\node_modules\router\index.js:297:9
    at processParams (E:\Personal Project\NexliGadget Full Stack\Server\node_modules\router\index.js:582:12)
    at next (E:\Personal Project\NexliGadget Full Stack\Server\node_modules\router\index.js:291:5)
    at E:\Personal Project\NexliGadget Full Stack\Server\node_modules\router\index.js:688:15
    at next (E:\Personal Project\NexliGadget Full Stack\Server\node_modules\router\index.js:276:14)
    at adminOnly (E:\Personal Project\NexliGadget Full Stack\Server\src\middleware\adminMiddleware.js:3:5)
    at Layer.handleRequest (E:\Personal Project\NexliGadget Full Stack\Server\node_modules\router\lib\layer.js:152:17)
2026-07-03T22:45:06.872Z - Error: Not Found - /api/admin/products
    at notFoundHandler (E:\Personal Project\NexliGadget Full Stack\Server\src\middleware\errorMiddleware.js:16:17)
    at Layer.handleRequest (E:\Personal Project\NexliGadget Full Stack\Server\node_modules\router\lib\layer.js:152:17)
    at trimPrefix (E:\Personal Project\NexliGadget Full Stack\Server\node_modules\router\index.js:342:13)
    at E:\Personal Project\NexliGadget Full Stack\Server\node_modules\router\index.js:297:9
    at processParams (E:\Personal Project\NexliGadget Full Stack\Server\node_modules\router\index.js:582:12)
    at next (E:\Personal Project\NexliGadget Full Stack\Server\node_modules\router\index.js:291:5)
    at E:\Personal Project\NexliGadget Full Stack\Server\node_modules\router\index.js:688:15
    at next (E:\Personal Project\NexliGadget Full Stack\Server\node_modules\router\index.js:276:14)
    at adminOnly (E:\Personal Project\NexliGadget Full Stack\Server\src\middleware\adminMiddleware.js:3:5)
    at Layer.handleRequest (E:\Personal Project\NexliGadget Full Stack\Server\node_modules\router\lib\layer.js:152:17)
2026-07-03T23:39:11.981Z - ValidationError: Order validation failed: shippingAddress.division: Path `shippingAddress.division` is required., shippingAddress.addressLine1: Path `shippingAddress.addressLine1` is required., customerInfo.phone: Path `customerInfo.phone` is required., customerInfo.email: Path `customerInfo.email` is required., customerInfo.name: Path `customerInfo.name` is required., paymentMethod: `bKash_Partial` is not a valid enum value for path `paymentMethod`.
    at model.validate (E:\Personal Project\NexliGadget Full Stack\Server\node_modules\mongoose\lib\document.js:2864:36)
    at process.processTicksAndRejections (node:internal/process/task_queues:105:5)
    at async model.$__save (E:\Personal Project\NexliGadget Full Stack\Server\node_modules\mongoose\lib\model.js:399:7)
    at async maybeTracedSave (E:\Personal Project\NexliGadget Full Stack\Server\node_modules\mongoose\lib\model.js:675:7)
    at async createOrder (E:\Personal Project\NexliGadget Full Stack\Server\src\controllers\orderController.js:54:26)
2026-07-03T23:40:49.996Z - ValidationError: Order validation failed: shippingAddress.postalCode: Path `shippingAddress.postalCode` is required., paymentMethod: `bKash_Partial` is not a valid enum value for path `paymentMethod`.
    at model.validate (E:\Personal Project\NexliGadget Full Stack\Server\node_modules\mongoose\lib\document.js:2864:36)
    at process.processTicksAndRejections (node:internal/process/task_queues:105:5)
    at async model.$__save (E:\Personal Project\NexliGadget Full Stack\Server\node_modules\mongoose\lib\model.js:399:7)
    at async maybeTracedSave (E:\Personal Project\NexliGadget Full Stack\Server\node_modules\mongoose\lib\model.js:675:7)
    at async createOrder (E:\Personal Project\NexliGadget Full Stack\Server\src\controllers\orderController.js:54:26)
2026-07-03T23:42:26.265Z - ValidationError: Order validation failed: shippingAddress.postalCode: Path `shippingAddress.postalCode` is required., paymentMethod: `bKash_Partial` is not a valid enum value for path `paymentMethod`.
    at model.validate (E:\Personal Project\NexliGadget Full Stack\Server\node_modules\mongoose\lib\document.js:2864:36)
    at process.processTicksAndRejections (node:internal/process/task_queues:105:5)
    at async model.$__save (E:\Personal Project\NexliGadget Full Stack\Server\node_modules\mongoose\lib\model.js:399:7)
    at async maybeTracedSave (E:\Personal Project\NexliGadget Full Stack\Server\node_modules\mongoose\lib\model.js:675:7)
    at async createOrder (E:\Personal Project\NexliGadget Full Stack\Server\src\controllers\orderController.js:54:26)
2026-07-04T00:05:24.154Z - ValidationError: Order validation failed: paymentStatus: `Approved` is not a valid enum value for path `paymentStatus`.
    at model.validate (E:\Personal Project\NexliGadget Full Stack\Server\node_modules\mongoose\lib\document.js:2864:36)
    at process.processTicksAndRejections (node:internal/process/task_queues:105:5)
    at async model.$__save (E:\Personal Project\NexliGadget Full Stack\Server\node_modules\mongoose\lib\model.js:399:7)
    at async maybeTracedSave (E:\Personal Project\NexliGadget Full Stack\Server\node_modules\mongoose\lib\model.js:675:7)
    at async updatePaymentStatus (E:\Personal Project\NexliGadget Full Stack\Server\src\controllers\orderController.js:195:28)
2026-07-04T01:52:17.059Z - Error: Minimum order amount of 1500 required
    at applyCoupon (E:\Personal Project\NexliGadget Full Stack\Server\src\controllers\couponController.js:37:13)
    at process.processTicksAndRejections (node:internal/process/task_queues:105:5)
2026-07-04T16:17:31.674Z - MongoServerError: E11000 duplicate key error collection: test.products index: sku_1 dup key: { sku: null }
    at InsertOneOperation.handleOk (E:\Personal Project\NexliGadget Full Stack\Server\node_modules\mongoose\node_modules\mongodb\lib\operations\insert.js:51:19)
    at executeOperationWithRetries (E:\Personal Project\NexliGadget Full Stack\Server\node_modules\mongoose\node_modules\mongodb\lib\operations\execute_operation.js:194:34)
    at process.processTicksAndRejections (node:internal/process/task_queues:105:5)
    at async executeOperation (E:\Personal Project\NexliGadget Full Stack\Server\node_modules\mongoose\node_modules\mongodb\lib\operations\execute_operation.js:83:16)
    at async Collection.insertOne (E:\Personal Project\NexliGadget Full Stack\Server\node_modules\mongoose\node_modules\mongodb\lib\collection.js:154:16)
    at async model.$__save (E:\Personal Project\NexliGadget Full Stack\Server\node_modules\mongoose\lib\model.js:434:16)
    at async maybeTracedSave (E:\Personal Project\NexliGadget Full Stack\Server\node_modules\mongoose\lib\model.js:675:7)
    at async createProduct (E:\Personal Project\NexliGadget Full Stack\Server\src\controllers\productController.js:161:28)
2026-07-09T02:27:47.458Z - Error: Not authorized, no token
    at protect (E:\Personal Project\NexliGadget Full Stack\Server\src\middleware\authMiddleware.js:24:10)
    at Layer.handleRequest (E:\Personal Project\NexliGadget Full Stack\Server\node_modules\router\lib\layer.js:152:17)
    at next (E:\Personal Project\NexliGadget Full Stack\Server\node_modules\router\lib\route.js:157:13)
    at Route.dispatch (E:\Personal Project\NexliGadget Full Stack\Server\node_modules\router\lib\route.js:117:3)
    at handle (E:\Personal Project\NexliGadget Full Stack\Server\node_modules\router\index.js:435:11)
    at Layer.handleRequest (E:\Personal Project\NexliGadget Full Stack\Server\node_modules\router\lib\layer.js:152:17)
    at E:\Personal Project\NexliGadget Full Stack\Server\node_modules\router\index.js:295:15
    at processParams (E:\Personal Project\NexliGadget Full Stack\Server\node_modules\router\index.js:582:12)
    at next (E:\Personal Project\NexliGadget Full Stack\Server\node_modules\router\index.js:291:5)
    at router.handle (E:\Personal Project\NexliGadget Full Stack\Server\node_modules\router\index.js:186:3)
2026-07-09T02:28:41.333Z - Error: Not authorized, no token
    at protect (E:\Personal Project\NexliGadget Full Stack\Server\src\middleware\authMiddleware.js:24:10)
    at Layer.handleRequest (E:\Personal Project\NexliGadget Full Stack\Server\node_modules\router\lib\layer.js:152:17)
    at next (E:\Personal Project\NexliGadget Full Stack\Server\node_modules\router\lib\route.js:157:13)
    at Route.dispatch (E:\Personal Project\NexliGadget Full Stack\Server\node_modules\router\lib\route.js:117:3)
    at handle (E:\Personal Project\NexliGadget Full Stack\Server\node_modules\router\index.js:435:11)
    at Layer.handleRequest (E:\Personal Project\NexliGadget Full Stack\Server\node_modules\router\lib\layer.js:152:17)
    at E:\Personal Project\NexliGadget Full Stack\Server\node_modules\router\index.js:295:15
    at processParams (E:\Personal Project\NexliGadget Full Stack\Server\node_modules\router\index.js:582:12)
    at next (E:\Personal Project\NexliGadget Full Stack\Server\node_modules\router\index.js:291:5)
    at router.handle (E:\Personal Project\NexliGadget Full Stack\Server\node_modules\router\index.js:186:3)
